<?xml version="1.0" encoding="UTF-8"?>
<!-- Generated by org.testng.reporters.JUnitReportReporter -->
<testsuite skipped="0" hostname="TRV-LT-JEFFYJ" name="Test.us1" tests="2" failures="0" timestamp="17 Jul 2019 22:11:52 GMT" time="1.327" errors="0">
  <testcase name="signIn" time="0.927" classname="Test.us1"/>
  <testcase name="logout" time="0.400" classname="Test.us1"/>
</testsuite> <!-- Test.us1 -->
